mode: set
github.com/owncloud-ci/gettext/go-xgettext/main.go:55.39,57.51 2 1
github.com/owncloud-ci/gettext/go-xgettext/main.go:68.2,68.12 1 1
github.com/owncloud-ci/gettext/go-xgettext/main.go:57.51,63.17 6 1
github.com/owncloud-ci/gettext/go-xgettext/main.go:63.17,65.4 1 1
github.com/owncloud-ci/gettext/go-xgettext/main.go:71.98,73.32 2 1
github.com/owncloud-ci/gettext/go-xgettext/main.go:88.2,90.49 3 1
github.com/owncloud-ci/gettext/go-xgettext/main.go:94.2,94.24 1 1
github.com/owncloud-ci/gettext/go-xgettext/main.go:73.32,75.42 1 1
github.com/owncloud-ci/gettext/go-xgettext/main.go:75.42,80.41 3 1
github.com/owncloud-ci/gettext/go-xgettext/main.go:80.41,83.5 2 1
github.com/owncloud-ci/gettext/go-xgettext/main.go:90.49,92.3 1 1
github.com/owncloud-ci/gettext/go-xgettext/main.go:97.45,98.20 1 1
github.com/owncloud-ci/gettext/go-xgettext/main.go:99.21,100.35 1 1
github.com/owncloud-ci/gettext/go-xgettext/main.go:103.23,105.44 1 1
github.com/owncloud-ci/gettext/go-xgettext/main.go:108.3,114.22 5 1
github.com/owncloud-ci/gettext/go-xgettext/main.go:115.10,116.46 1 0
github.com/owncloud-ci/gettext/go-xgettext/main.go:105.44,107.4 1 0
github.com/owncloud-ci/gettext/go-xgettext/main.go:120.84,125.16 3 1
github.com/owncloud-ci/gettext/go-xgettext/main.go:132.2,135.16 3 1
github.com/owncloud-ci/gettext/go-xgettext/main.go:142.2,142.23 1 1
github.com/owncloud-ci/gettext/go-xgettext/main.go:190.2,190.13 1 1
github.com/owncloud-ci/gettext/go-xgettext/main.go:125.16,128.3 2 1
github.com/owncloud-ci/gettext/go-xgettext/main.go:128.8,130.3 1 0
github.com/owncloud-ci/gettext/go-xgettext/main.go:135.16,138.3 2 1
github.com/owncloud-ci/gettext/go-xgettext/main.go:138.8,140.3 1 0
github.com/owncloud-ci/gettext/go-xgettext/main.go:143.21,148.30 2 1
github.com/owncloud-ci/gettext/go-xgettext/main.go:168.3,168.20 1 1
github.com/owncloud-ci/gettext/go-xgettext/main.go:173.3,174.77 2 1
github.com/owncloud-ci/gettext/go-xgettext/main.go:179.3,187.5 3 1
github.com/owncloud-ci/gettext/go-xgettext/main.go:149.19,150.41 1 0
github.com/owncloud-ci/gettext/go-xgettext/main.go:154.4,154.35 1 0
github.com/owncloud-ci/gettext/go-xgettext/main.go:157.26,158.97 1 1
github.com/owncloud-ci/gettext/go-xgettext/main.go:163.4,163.85 1 1
github.com/owncloud-ci/gettext/go-xgettext/main.go:150.41,153.5 2 0
github.com/owncloud-ci/gettext/go-xgettext/main.go:154.35,156.5 1 0
github.com/owncloud-ci/gettext/go-xgettext/main.go:158.97,161.5 2 1
github.com/owncloud-ci/gettext/go-xgettext/main.go:163.85,165.5 1 1
github.com/owncloud-ci/gettext/go-xgettext/main.go:168.20,169.9 1 0
github.com/owncloud-ci/gettext/go-xgettext/main.go:174.77,177.4 1 1
github.com/owncloud-ci/gettext/go-xgettext/main.go:193.37,194.13 1 1
github.com/owncloud-ci/gettext/go-xgettext/main.go:198.2,198.17 1 1
github.com/owncloud-ci/gettext/go-xgettext/main.go:205.2,206.10 2 1
github.com/owncloud-ci/gettext/go-xgettext/main.go:194.13,196.3 1 1
github.com/owncloud-ci/gettext/go-xgettext/main.go:198.17,203.3 2 1
github.com/owncloud-ci/gettext/go-xgettext/main.go:209.40,214.29 3 1
github.com/owncloud-ci/gettext/go-xgettext/main.go:220.2,220.12 1 1
github.com/owncloud-ci/gettext/go-xgettext/main.go:214.29,215.60 1 1
github.com/owncloud-ci/gettext/go-xgettext/main.go:215.60,217.4 1 0
github.com/owncloud-ci/gettext/go-xgettext/main.go:223.69,225.16 2 1
github.com/owncloud-ci/gettext/go-xgettext/main.go:230.2,231.16 2 1
github.com/owncloud-ci/gettext/go-xgettext/main.go:235.2,235.39 1 1
github.com/owncloud-ci/gettext/go-xgettext/main.go:239.2,239.12 1 1
github.com/owncloud-ci/gettext/go-xgettext/main.go:225.16,226.13 1 0
github.com/owncloud-ci/gettext/go-xgettext/main.go:231.16,232.13 1 0
github.com/owncloud-ci/gettext/go-xgettext/main.go:235.39,237.3 1 1
github.com/owncloud-ci/gettext/go-xgettext/main.go:242.32,244.2 1 0
github.com/owncloud-ci/gettext/go-xgettext/main.go:246.34,271.24 4 1
github.com/owncloud-ci/gettext/go-xgettext/main.go:274.2,274.21 1 1
github.com/owncloud-ci/gettext/go-xgettext/main.go:279.2,279.31 1 1
github.com/owncloud-ci/gettext/go-xgettext/main.go:271.24,273.3 1 1
github.com/owncloud-ci/gettext/go-xgettext/main.go:274.21,276.3 1 1
github.com/owncloud-ci/gettext/go-xgettext/main.go:279.31,281.35 2 1
github.com/owncloud-ci/gettext/go-xgettext/main.go:286.3,286.23 1 1
github.com/owncloud-ci/gettext/go-xgettext/main.go:293.3,294.29 2 1
github.com/owncloud-ci/gettext/go-xgettext/main.go:297.3,297.45 1 1
github.com/owncloud-ci/gettext/go-xgettext/main.go:304.3,305.30 2 1
github.com/owncloud-ci/gettext/go-xgettext/main.go:312.3,312.25 1 1
github.com/owncloud-ci/gettext/go-xgettext/main.go:281.35,282.53 1 1
github.com/owncloud-ci/gettext/go-xgettext/main.go:282.53,284.5 1 1
github.com/owncloud-ci/gettext/go-xgettext/main.go:286.23,288.36 2 1
github.com/owncloud-ci/gettext/go-xgettext/main.go:291.4,291.26 1 1
github.com/owncloud-ci/gettext/go-xgettext/main.go:288.36,290.5 1 1
github.com/owncloud-ci/gettext/go-xgettext/main.go:294.29,296.4 1 1
github.com/owncloud-ci/gettext/go-xgettext/main.go:297.45,303.4 2 1
github.com/owncloud-ci/gettext/go-xgettext/main.go:305.30,309.4 3 1
github.com/owncloud-ci/gettext/go-xgettext/main.go:309.9,311.4 1 1
github.com/owncloud-ci/gettext/go-xgettext/main.go:337.13,340.16 2 1
github.com/owncloud-ci/gettext/go-xgettext/main.go:344.2,344.47 1 1
github.com/owncloud-ci/gettext/go-xgettext/main.go:348.2,349.23 2 1
github.com/owncloud-ci/gettext/go-xgettext/main.go:356.2,356.19 1 1
github.com/owncloud-ci/gettext/go-xgettext/main.go:340.16,342.3 1 0
github.com/owncloud-ci/gettext/go-xgettext/main.go:344.47,346.3 1 0
github.com/owncloud-ci/gettext/go-xgettext/main.go:349.23,352.17 3 1
github.com/owncloud-ci/gettext/go-xgettext/main.go:352.17,354.4 1 0
